[Wed Aug  5 16:31:39.373 2009] 0.042 sec [all/1/rel 1 (0,20)] [*] test
[Wed Aug  5 16:31:58.853 2009] 0.001 sec [all/1/rel 1 (0,20)] [*] test
[Wed Aug  5 16:32:03.504 2009] 0.001 sec [all/1/rel 1 (0,20)] [*] test
[Wed Aug  5 16:32:11.216 2009] 0.001 sec [all/1/rel 1 (0,20)] [*] test
[Wed Aug  5 16:35:36.848 2009] 0.001 sec [all/1/rel 1 (0,20)] [*] test
[Wed Aug  5 16:44:03.481 2009] 0.039 sec [all/1/rel 1 (0,20)] [*] test
[Wed Aug  5 16:50:22.061 2009] 0.001 sec [all/1/rel 1 (0,20)] [*] test
[Wed Aug  5 16:52:04.381 2009] 0.001 sec [all/2/rel 4 (0,20)] [*] dell
[Wed Aug  5 16:52:04.427 2009] 0.001 sec [all/2/rel 0 (0,20)] [*] dell
[Wed Aug  5 16:52:04.430 2009] 0.001 sec [all/2/rel 0 (0,20)] [*] dell
[Wed Aug  5 16:52:04.434 2009] 0.001 sec [all/2/rel 29 (0,20)] [*] dell
[Wed Aug  5 16:52:18.999 2009] 0.000 sec [all/2/rel 0 (0,20)] [*] replicator
[Wed Aug  5 16:52:19.002 2009] 0.000 sec [all/2/rel 0 (0,20)] [*] replicator
[Wed Aug  5 16:52:19.005 2009] 0.000 sec [all/2/rel 0 (0,20)] [*] replicator
[Wed Aug  5 16:52:19.007 2009] 0.000 sec [all/2/rel 8 (0,20)] [*] replicator
[Wed Aug  5 16:52:22.832 2009] 0.000 sec [scan/2/rel 1 (0,20)] [peripheral_core] 
[Wed Aug  5 16:52:26.636 2009] 0.000 sec [scan/2/rel 1 (0,20)] [peripheral_core] 
[Thu Aug  6 10:17:05.343 2009] 0.000 sec [scan/2/rel 1 (0,20)] [peripheral_core] 
[Thu Aug  6 10:18:01.652 2009] 0.014 sec [all/2/rel 0 (0,20)] [*] replicator
[Thu Aug  6 10:18:01.655 2009] 0.000 sec [all/2/rel 0 (0,20)] [*] replicator
[Thu Aug  6 10:18:01.658 2009] 0.000 sec [all/2/rel 0 (0,20)] [*] replicator
[Thu Aug  6 10:18:01.661 2009] 0.000 sec [all/2/rel 8 (0,20)] [*] replicator
[Thu Aug  6 10:18:10.610 2009] 0.000 sec [scan/2/rel 1 (0,20)] [peripheral_core] 
[Thu Aug  6 10:22:34.982 2009] 0.000 sec [scan/2/rel 1 (0,20)] [peripheral_core] 
[Thu Aug  6 10:25:38.477 2009] 0.001 sec [all/2/rel 0 (0,20)] [*] replicator
[Thu Aug  6 10:25:38.481 2009] 0.000 sec [all/2/rel 0 (0,20)] [*] replicator
[Thu Aug  6 10:25:38.484 2009] 0.000 sec [all/2/rel 0 (0,20)] [*] replicator
[Thu Aug  6 10:25:38.487 2009] 0.001 sec [all/2/rel 8 (0,20)] [*] replicator
[Thu Aug  6 10:27:52.627 2009] 0.001 sec [all/2/rel 0 (0,20)] [*] replicator
[Thu Aug  6 10:27:52.630 2009] 0.001 sec [all/2/rel 0 (0,20)] [*] replicator
[Thu Aug  6 10:27:52.633 2009] 0.000 sec [all/2/rel 0 (0,20)] [*] replicator
[Thu Aug  6 10:27:52.636 2009] 0.001 sec [all/2/rel 8 (0,20)] [*] replicator
[Thu Aug  6 10:30:33.765 2009] 0.001 sec [all/2/rel 0 (0,20)] [*] replicator
[Thu Aug  6 10:30:33.768 2009] 0.000 sec [all/2/rel 0 (0,20)] [*] replicator
[Thu Aug  6 10:30:33.771 2009] 0.000 sec [all/2/rel 0 (0,20)] [*] replicator
[Thu Aug  6 10:30:33.773 2009] 0.000 sec [all/2/rel 8 (0,20)] [*] replicator
[Thu Aug  6 10:33:13.250 2009] 0.001 sec [all/2/rel 0 (0,20)] [*] replicator
[Thu Aug  6 10:33:13.254 2009] 0.001 sec [all/2/rel 0 (0,20)] [*] replicator
[Thu Aug  6 10:33:13.258 2009] 0.001 sec [all/2/rel 0 (0,20)] [*] replicator
[Thu Aug  6 10:33:13.262 2009] 0.001 sec [all/2/rel 8 (0,20)] [*] replicator
[Thu Aug  6 10:38:34.484 2009] 0.001 sec [all/2/rel 0 (0,20)] [*] replicator
[Thu Aug  6 10:38:34.487 2009] 0.000 sec [all/2/rel 0 (0,20)] [*] replicator
[Thu Aug  6 10:38:34.490 2009] 0.000 sec [all/2/rel 0 (0,20)] [*] replicator
[Thu Aug  6 10:38:34.493 2009] 0.001 sec [all/2/rel 8 (0,20)] [*] replicator
[Thu Aug  6 10:38:38.942 2009] 0.015 sec [all/2/rel 0 (0,20)] [*] adobe
[Thu Aug  6 10:38:38.945 2009] 0.001 sec [all/2/rel 1 (0,20)] [*] adobe
[Thu Aug  6 10:38:38.952 2009] 0.000 sec [all/2/rel 0 (0,20)] [*] adobe
[Thu Aug  6 10:38:38.954 2009] 0.000 sec [all/2/rel 0 (0,20)] [*] adobe
[Thu Aug  6 10:42:48.907 2009] 0.015 sec [all/2/rel 3 (0,20)] [*] E6400
[Thu Aug  6 10:42:48.956 2009] 0.001 sec [all/2/rel 0 (0,20)] [*] E6400
[Thu Aug  6 10:42:48.959 2009] 0.000 sec [all/2/rel 0 (0,20)] [*] E6400
[Thu Aug  6 10:42:48.961 2009] 0.000 sec [all/2/rel 0 (0,20)] [*] E6400
[Thu Aug  6 11:30:16.091 2009] 0.001 sec [all/2/rel 4 (0,20)] [*] dell
[Thu Aug  6 11:30:16.103 2009] 0.001 sec [all/2/rel 0 (0,20)] [*] dell
[Thu Aug  6 11:30:16.106 2009] 0.000 sec [all/2/rel 0 (0,20)] [*] dell
[Thu Aug  6 11:30:16.110 2009] 0.001 sec [all/2/rel 29 (0,20)] [*] dell
[Thu Aug  6 11:34:53.960 2009] 0.001 sec [all/2/rel 0 (0,20)] [*] adobe
[Thu Aug  6 11:34:53.963 2009] 0.001 sec [all/2/rel 1 (0,20)] [*] adobe
[Thu Aug  6 11:34:53.969 2009] 0.001 sec [all/2/rel 0 (0,20)] [*] adobe
[Thu Aug  6 11:34:53.972 2009] 0.000 sec [all/2/rel 0 (0,20)] [*] adobe
[Thu Aug  6 11:36:33.320 2009] 0.000 sec [all/2/rel 0 (0,20)] [*] Microsoft
[Thu Aug  6 11:36:33.323 2009] 0.001 sec [all/2/rel 6 (0,20)] [*] Microsoft
[Thu Aug  6 11:36:33.331 2009] 0.000 sec [all/2/rel 0 (0,20)] [*] Microsoft
[Thu Aug  6 11:36:33.334 2009] 0.000 sec [all/2/rel 0 (0,20)] [*] Microsoft
[Thu Aug  6 12:32:21.648 2009] 0.000 sec [scan/2/rel 0 (0,20)] [peripheral_core] 
[Thu Aug  6 12:32:21.752 2009] 0.000 sec [scan/2/rel 0 (0,20)] [peripheral_core] 
[Thu Aug  6 12:32:31.308 2009] 0.000 sec [scan/2/rel 0 (0,20)] [peripheral_core] 
[Thu Aug  6 12:32:31.411 2009] 0.000 sec [scan/2/rel 0 (0,20)] [peripheral_core] 
[Thu Aug  6 13:11:06.852 2009] 0.000 sec [scan/2/rel 0 (0,20)] [computer_core] 
[Thu Aug  6 13:11:06.956 2009] 0.000 sec [scan/2/rel 0 (0,20)] [computer_core] 
[Thu Aug  6 13:12:31.891 2009] 0.000 sec [scan/2/rel 0 (0,20)] [computer_core] 
[Thu Aug  6 13:12:31.995 2009] 0.000 sec [scan/2/rel 0 (0,20)] [computer_core] 
[Thu Aug  6 13:46:12.905 2009] 0.000 sec [scan/2/rel 0 (0,20)] [computer_core] 
[Thu Aug  6 13:46:13.009 2009] 0.000 sec [scan/2/rel 0 (0,20)] [computer_core] 
[Thu Aug  6 13:48:18.784 2009] 0.000 sec [scan/2/rel 0 (0,20)] [computer_core] 
[Thu Aug  6 13:48:18.887 2009] 0.000 sec [scan/2/rel 0 (0,20)] [computer_core] 
[Thu Aug  6 13:49:32.192 2009] 0.000 sec [scan/2/rel 0 (0,20)] [computer_core] 
[Thu Aug  6 13:49:32.297 2009] 0.000 sec [scan/2/rel 0 (0,20)] [computer_core] 
[Thu Aug  6 13:52:41.780 2009] 0.000 sec [scan/2/rel 0 (0,20)] [computer_core] 
[Thu Aug  6 13:52:41.884 2009] 0.000 sec [scan/2/rel 0 (0,20)] [computer_core] 
[Thu Aug  6 13:52:57.668 2009] 0.000 sec [scan/2/rel 1 (0,20)] [computer_core] 
[Thu Aug  6 13:52:57.781 2009] 0.000 sec [scan/2/rel 0 (0,20)] [computer_core] 
[Thu Aug  6 13:53:02.635 2009] 0.000 sec [scan/2/rel 1 (0,20)] [computer_core] 
[Thu Aug  6 13:53:02.745 2009] 0.000 sec [scan/2/rel 0 (0,20)] [computer_core] 
[Thu Aug  6 13:53:05.795 2009] 0.000 sec [scan/2/rel 1 (0,20)] [computer_core] 
[Thu Aug  6 13:53:05.906 2009] 0.000 sec [scan/2/rel 0 (0,20)] [computer_core] 
[Thu Aug  6 13:53:09.009 2009] 0.000 sec [scan/2/rel 1 (0,20)] [computer_core] 
[Thu Aug  6 13:53:09.121 2009] 0.000 sec [scan/2/rel 0 (0,20)] [computer_core] 
[Thu Aug  6 13:53:12.311 2009] 0.000 sec [scan/2/rel 1 (0,20)] [computer_core] 
[Thu Aug  6 13:53:12.425 2009] 0.000 sec [scan/2/rel 0 (0,20)] [computer_core] 
[Thu Aug  6 13:53:15.936 2009] 0.000 sec [scan/2/rel 1 (0,20)] [computer_core] 
[Thu Aug  6 13:53:16.051 2009] 0.000 sec [scan/2/rel 0 (0,20)] [computer_core] 
[Thu Aug  6 13:53:19.471 2009] 0.000 sec [scan/2/rel 1 (0,20)] [computer_core] 
[Thu Aug  6 13:53:19.585 2009] 0.000 sec [scan/2/rel 0 (0,20)] [computer_core] 
[Thu Aug  6 13:53:22.799 2009] 0.000 sec [scan/2/rel 1 (0,20)] [computer_core] 
[Thu Aug  6 13:53:22.913 2009] 0.000 sec [scan/2/rel 0 (0,20)] [computer_core] 
[Thu Aug  6 13:53:26.820 2009] 0.000 sec [scan/2/rel 1 (0,20)] [computer_core] 
[Thu Aug  6 13:53:26.934 2009] 0.000 sec [scan/2/rel 0 (0,20)] [computer_core] 
[Thu Aug  6 13:53:29.633 2009] 0.000 sec [scan/2/rel 1 (0,20)] [computer_core] 
[Thu Aug  6 13:53:29.744 2009] 0.000 sec [scan/2/rel 0 (0,20)] [computer_core] 
[Thu Aug  6 13:53:32.435 2009] 0.000 sec [scan/2/rel 1 (0,20)] [computer_core] 
[Thu Aug  6 13:53:32.547 2009] 0.000 sec [scan/2/rel 0 (0,20)] [computer_core] 
[Thu Aug  6 13:55:25.354 2009] 0.000 sec [scan/2/rel 0 (0,20)] [computer_core] 
[Thu Aug  6 13:55:25.459 2009] 0.000 sec [scan/2/rel 0 (0,20)] [computer_core] 
[Thu Aug  6 13:55:33.014 2009] 0.000 sec [scan/2/rel 0 (0,20)] [computer_core] 
[Thu Aug  6 13:55:33.117 2009] 0.000 sec [scan/2/rel 0 (0,20)] [computer_core] 
[Thu Aug  6 13:55:37.561 2009] 0.000 sec [scan/2/rel 0 (0,20)] [computer_core] 
[Thu Aug  6 13:55:37.665 2009] 0.000 sec [scan/2/rel 0 (0,20)] [computer_core] 
[Thu Aug  6 14:02:38.820 2009] 0.000 sec [scan/2/rel 0 (0,20)] [computer_core] 
[Thu Aug  6 14:02:38.925 2009] 0.000 sec [scan/2/rel 0 (0,20)] [computer_core] 
[Thu Aug  6 14:04:56.823 2009] 0.000 sec [scan/2/rel 0 (0,20)] [computer_core] 
[Thu Aug  6 14:04:56.927 2009] 0.000 sec [scan/2/rel 0 (0,20)] [computer_core] 
[Thu Aug  6 14:06:44.874 2009] 0.000 sec [scan/2/rel 0 (0,20)] [computer_core] 
[Thu Aug  6 14:06:44.979 2009] 0.000 sec [scan/2/rel 0 (0,20)] [computer_core] 
[Thu Aug  6 14:10:40.991 2009] 0.000 sec [scan/2/rel 0 (0,20)] [computer_core] 
[Thu Aug  6 14:10:41.095 2009] 0.000 sec [scan/2/rel 0 (0,20)] [computer_core] 
[Thu Aug  6 14:11:21.300 2009] 0.000 sec [scan/2/rel 0 (0,20)] [computer_core] 
[Thu Aug  6 14:11:21.403 2009] 0.000 sec [scan/2/rel 0 (0,20)] [computer_core] 
[Thu Aug  6 14:11:39.293 2009] 0.000 sec [scan/2/rel 0 (0,20)] [computer_core] 
[Thu Aug  6 14:11:39.398 2009] 0.000 sec [scan/2/rel 0 (0,20)] [computer_core] 
[Thu Aug  6 14:12:55.269 2009] 0.000 sec [scan/2/rel 0 (0,20)] [peripheral_core] 
[Thu Aug  6 14:12:55.374 2009] 0.000 sec [scan/2/rel 0 (0,20)] [peripheral_core] 
[Thu Aug  6 14:13:03.210 2009] 0.000 sec [scan/2/rel 0 (0,20)] [peripheral_core] 
[Thu Aug  6 14:13:03.315 2009] 0.000 sec [scan/2/rel 0 (0,20)] [peripheral_core] 
[Thu Aug  6 14:18:01.050 2009] 0.001 sec [all/2/rel 1 (0,20)] [*] Adobe
[Thu Aug  6 14:18:44.449 2009] 0.001 sec [all/2/rel 1 (0,20)] [*] Adobe
[Thu Aug  6 14:18:57.233 2009] 0.001 sec [all/2/rel 1 (0,20)] [*] Adobe
[Thu Aug  6 14:20:19.016 2009] 0.001 sec [all/2/rel 1 (0,20)] [*] Adobe
[Thu Aug  6 14:23:58.185 2009] 0.038 sec [all/2/rel 1 (0,20)] [*] Adobe Acrobat 7
[Thu Aug  6 14:26:11.476 2009] 0.001 sec [all/2/rel 1 (0,20)] [*] Adobe
[Thu Aug  6 14:27:05.434 2009] 0.001 sec [all/2/rel 1 (0,20)] [*] Adobe
[Thu Aug  6 14:58:13.028 2009] 0.000 sec [scan/2/rel 0 (0,20)] [computer_core] 
[Thu Aug  6 14:58:13.132 2009] 0.000 sec [scan/2/rel 0 (0,20)] [computer_core] 
[Thu Aug  6 14:58:13.375 2009] 0.000 sec [scan/2/rel 0 (0,20)] [computer_core] 
[Thu Aug  6 14:58:13.478 2009] 0.000 sec [scan/2/rel 0 (0,20)] [computer_core] 
[Thu Aug  6 14:58:28.403 2009] 0.000 sec [scan/2/rel 0 (0,20)] [computer_core] 
[Thu Aug  6 14:58:28.506 2009] 0.000 sec [scan/2/rel 0 (0,20)] [computer_core] 
[Thu Aug  6 14:58:28.748 2009] 0.000 sec [scan/2/rel 0 (0,20)] [computer_core] 
[Thu Aug  6 14:58:28.852 2009] 0.000 sec [scan/2/rel 0 (0,20)] [computer_core] 
[Thu Aug  6 14:58:58.736 2009] 0.000 sec [scan/2/rel 0 (0,20)] [computer_core] 
[Thu Aug  6 14:58:58.841 2009] 0.000 sec [scan/2/rel 0 (0,20)] [computer_core] 
[Thu Aug  6 14:58:59.090 2009] 0.000 sec [scan/2/rel 0 (0,20)] [computer_core] 
[Thu Aug  6 14:58:59.194 2009] 0.000 sec [scan/2/rel 0 (0,20)] [computer_core] 
[Thu Aug  6 14:59:29.372 2009] 0.000 sec [scan/2/rel 0 (0,20)] [computer_core] 
[Thu Aug  6 14:59:29.477 2009] 0.000 sec [scan/2/rel 0 (0,20)] [computer_core] 
[Thu Aug  6 14:59:29.729 2009] 0.000 sec [scan/2/rel 0 (0,20)] [computer_core] 
[Thu Aug  6 14:59:29.832 2009] 0.000 sec [scan/2/rel 0 (0,20)] [computer_core] 
[Thu Aug  6 14:59:41.624 2009] 0.000 sec [scan/2/rel 0 (0,20)] [computer_core] 
[Thu Aug  6 14:59:41.729 2009] 0.000 sec [scan/2/rel 0 (0,20)] [computer_core] 
[Thu Aug  6 14:59:41.978 2009] 0.000 sec [scan/2/rel 0 (0,20)] [computer_core] 
[Thu Aug  6 14:59:42.083 2009] 0.000 sec [scan/2/rel 0 (0,20)] [computer_core] 
[Thu Aug  6 15:00:09.371 2009] 0.000 sec [scan/2/rel 0 (0,20)] [computer_core] 
[Thu Aug  6 15:00:09.475 2009] 0.000 sec [scan/2/rel 0 (0,20)] [computer_core] 
[Thu Aug  6 15:00:09.725 2009] 0.000 sec [scan/2/rel 0 (0,20)] [computer_core] 
[Thu Aug  6 15:00:09.829 2009] 0.000 sec [scan/2/rel 0 (0,20)] [computer_core] 
[Thu Aug  6 15:22:05.519 2009] 0.000 sec [scan/2/rel 0 (0,20)] [peripheral_core] 
[Thu Aug  6 15:22:05.623 2009] 0.000 sec [scan/2/rel 0 (0,20)] [peripheral_core] 
[Thu Aug  6 15:22:05.878 2009] 0.000 sec [scan/2/rel 0 (0,20)] [peripheral_core] 
[Thu Aug  6 15:22:05.982 2009] 0.000 sec [scan/2/rel 0 (0,20)] [peripheral_core] 
[Thu Aug  6 15:22:44.969 2009] 0.000 sec [scan/2/rel 0 (0,20)] [peripheral_core] 
[Thu Aug  6 15:22:45.073 2009] 0.000 sec [scan/2/rel 0 (0,20)] [peripheral_core] 
[Thu Aug  6 15:22:45.320 2009] 0.000 sec [scan/2/rel 0 (0,20)] [peripheral_core] 
[Thu Aug  6 15:22:45.425 2009] 0.000 sec [scan/2/rel 0 (0,20)] [peripheral_core] 
[Thu Aug  6 15:22:46.998 2009] 0.000 sec [scan/2/rel 0 (0,20)] [peripheral_core] 
[Thu Aug  6 15:22:47.105 2009] 0.000 sec [scan/2/rel 0 (0,20)] [peripheral_core] 
[Thu Aug  6 15:22:47.359 2009] 0.000 sec [scan/2/rel 0 (0,20)] [peripheral_core] 
[Thu Aug  6 15:22:47.463 2009] 0.000 sec [scan/2/rel 0 (0,20)] [peripheral_core] 
[Thu Aug  6 15:23:25.641 2009] 0.000 sec [scan/2/rel 0 (0,20)] [peripheral_core] 
[Thu Aug  6 15:23:25.746 2009] 0.000 sec [scan/2/rel 0 (0,20)] [peripheral_core] 
[Thu Aug  6 15:23:25.993 2009] 0.000 sec [scan/2/rel 0 (0,20)] [peripheral_core] 
[Thu Aug  6 15:23:26.099 2009] 0.000 sec [scan/2/rel 0 (0,20)] [peripheral_core] 
[Thu Aug  6 15:23:46.737 2009] 0.000 sec [scan/2/rel 0 (0,20)] [peripheral_core] 
[Thu Aug  6 15:23:46.841 2009] 0.000 sec [scan/2/rel 0 (0,20)] [peripheral_core] 
[Thu Aug  6 15:23:47.087 2009] 0.000 sec [scan/2/rel 0 (0,20)] [peripheral_core] 
[Thu Aug  6 15:23:47.192 2009] 0.000 sec [scan/2/rel 0 (0,20)] [peripheral_core] 
[Thu Aug  6 15:23:55.697 2009] 0.000 sec [scan/2/rel 0 (0,20)] [peripheral_core] 
[Thu Aug  6 15:23:55.804 2009] 0.000 sec [scan/2/rel 0 (0,20)] [peripheral_core] 
[Thu Aug  6 15:23:56.054 2009] 0.000 sec [scan/2/rel 0 (0,20)] [peripheral_core] 
[Thu Aug  6 15:23:56.159 2009] 0.000 sec [scan/2/rel 0 (0,20)] [peripheral_core] 
[Thu Aug  6 15:32:44.869 2009] 0.001 sec [all/2/rel 1 (0,20)] [*] adobe
[Thu Aug  6 15:33:38.073 2009] 0.001 sec [all/2/rel 1 (0,20)] [*] Adobe
[Thu Aug  6 15:34:18.484 2009] 0.001 sec [all/2/rel 1 (0,20)] [*] Adobe
[Thu Aug  6 15:34:38.798 2009] 0.001 sec [all/2/rel 1 (0,20)] [*] Adobe
